<?xml version="1.0" encoding="UTF-8"?>
<testng-results skipped="0" failed="0" ignored="0" total="1" passed="1">
  <reporter-output>
  </reporter-output>
  <suite name="Default suite" duration-ms="8555" started-at="2022-02-11T14:01:37 IST" finished-at="2022-02-11T14:01:45 IST">
    <groups>
    </groups>
    <test name="Default test" duration-ms="8555" started-at="2022-02-11T14:01:37 IST" finished-at="2022-02-11T14:01:45 IST">
      <class name="com.examples.LoginTest1">
        <test-method status="PASS" signature="TestLoginDetails()[pri:0, instance:com.examples.LoginTest1@1d29cf23]" name="TestLoginDetails" duration-ms="8514" started-at="2022-02-11T14:01:37 IST" finished-at="2022-02-11T14:01:45 IST">
          <reporter-output>
          </reporter-output>
        </test-method> <!-- TestLoginDetails -->
      </class> <!-- com.examples.LoginTest1 -->
    </test> <!-- Default test -->
  </suite> <!-- Default suite -->
</testng-results>
